<?xml version="1.0" encoding="UTF-8"?>
<testng-results ignored="0" total="1" passed="1" failed="0" skipped="0">
  <reporter-output>
    <line>
      <![CDATA[I'm admin]]>
    </line>
  </reporter-output>
  <suite started-at="2022-09-06T15:07:47 IST" name="Default suite" finished-at="2022-09-06T15:07:54 IST" duration-ms="6620">
    <groups>
    </groups>
    <test started-at="2022-09-06T15:07:47 IST" name="Default test" finished-at="2022-09-06T15:07:54 IST" duration-ms="6620">
      <class name="com.hrm.testscripts.AdminTestScripts">
        <test-method is-config="true" signature="init()[pri:0, instance:com.hrm.testscripts.AdminTestScripts@589da3f3]" started-at="2022-09-06T15:07:47 IST" name="init" finished-at="2022-09-06T15:07:54 IST" duration-ms="6573" status="PASS">
          <reporter-output>
          </reporter-output>
        </test-method> <!-- init -->
        <test-method signature="adminScipts()[pri:0, instance:com.hrm.testscripts.AdminTestScripts@589da3f3]" started-at="2022-09-06T15:07:54 IST" name="adminScipts" finished-at="2022-09-06T15:07:54 IST" duration-ms="6" status="PASS">
          <reporter-output>
            <line>
              <![CDATA[I'm admin]]>
            </line>
          </reporter-output>
        </test-method> <!-- adminScipts -->
      </class> <!-- com.hrm.testscripts.AdminTestScripts -->
    </test> <!-- Default test -->
  </suite> <!-- Default suite -->
</testng-results>
